This is pdfTeX, Version 3.14159265-2.6-1.40.18 (TeX Live 2017) (preloaded format=pdflatex 2017.12.25)  27 APR 2018 14:34
entering extended mode
 restricted \write18 enabled.
 %&-line parsing enabled.
**matrices_and_parameters.tex
(./matrices_and_parameters.tex
LaTeX2e <2017-04-15>
Babel <3.10> and hyphenation patterns for 84 language(s) loaded.
(/usr/local/texlive/2017/texmf-dist/tex/latex/base/article.cls
Document Class: article 2014/09/29 v1.4h Standard LaTeX document class
(/usr/local/texlive/2017/texmf-dist/tex/latex/base/size10.clo
File: size10.clo 2014/09/29 v1.4h Standard LaTeX file (size option)
)
\c@part=\count79
\c@section=\count80
\c@subsection=\count81
\c@subsubsection=\count82
\c@paragraph=\count83
\c@subparagraph=\count84
\c@figure=\count85
\c@table=\count86
\abovecaptionskip=\skip41
\belowcaptionskip=\skip42
\bibindent=\dimen102
)
(/usr/local/texlive/2017/texmf-dist/tex/latex/base/fontenc.sty
Package: fontenc 2017/04/05 v2.0i Standard LaTeX package

(/usr/local/texlive/2017/texmf-dist/tex/latex/base/t1enc.def
File: t1enc.def 2017/04/05 v2.0i Standard LaTeX file
LaTeX Font Info:    Redeclaring font encoding T1 on input line 48.
))
(/usr/local/texlive/2017/texmf-dist/tex/latex/sttools/cuted.sty
Package: cuted 2012/10/04 v1.5 Mixing onecolumn and twocolumn modes
\At@ViperColsBreak=\toks14
\v@aaa=\box26
\v@ccc=\box27
\lastskip@a=\skip43
\lastskip@b=\skip44
\lastskip@d=\skip45
\lastbox@a=\box28
\stripsep=\skip46
\@viper=\box29
\viper@penalty=\count87
\hold@viper=\box30
\ht@viper=\dimen103
)
(/usr/local/texlive/2017/texmf-dist/tex/latex/graphics/graphicx.sty
Package: graphicx 2014/10/28 v1.0g Enhanced LaTeX Graphics (DPC,SPQR)

(/usr/local/texlive/2017/texmf-dist/tex/latex/graphics/keyval.sty
Package: keyval 2014/10/28 v1.15 key=value parser (DPC)
\KV@toks@=\toks15
)
(/usr/local/texlive/2017/texmf-dist/tex/latex/graphics/graphics.sty
Package: graphics 2017/04/14 v1.1b Standard LaTeX Graphics (DPC,SPQR)

(/usr/local/texlive/2017/texmf-dist/tex/latex/graphics/trig.sty
Package: trig 2016/01/03 v1.10 sin cos tan (DPC)
)
(/usr/local/texlive/2017/texmf-dist/tex/latex/graphics-cfg/graphics.cfg
File: graphics.cfg 2016/06/04 v1.11 sample graphics configuration
)
Package graphics Info: Driver file: pdftex.def on input line 99.

(/usr/local/texlive/2017/texmf-dist/tex/latex/graphics-def/pdftex.def
File: pdftex.def 2017/01/12 v0.06k Graphics/color for pdfTeX

(/usr/local/texlive/2017/texmf-dist/tex/generic/oberdiek/infwarerr.sty
Package: infwarerr 2016/05/16 v1.4 Providing info/warning/error messages (HO)
)
(/usr/local/texlive/2017/texmf-dist/tex/generic/oberdiek/ltxcmds.sty
Package: ltxcmds 2016/05/16 v1.23 LaTeX kernel commands for general use (HO)
)
\Gread@gobject=\count88
))
\Gin@req@height=\dimen104
\Gin@req@width=\dimen105
)
(/usr/local/texlive/2017/texmf-dist/tex/latex/tools/bm.sty
Package: bm 2017/01/16 v1.2c Bold Symbol Support (DPC/FMi)
\symboldoperators=\mathgroup4
\symboldletters=\mathgroup5
\symboldsymbols=\mathgroup6
LaTeX Font Info:    Redeclaring math alphabet \mathbf on input line 141.
LaTeX Info: Redefining \bm on input line 207.
)
(/usr/local/texlive/2017/texmf-dist/tex/latex/geometry/geometry.sty
Package: geometry 2010/09/12 v5.6 Page Geometry

(/usr/local/texlive/2017/texmf-dist/tex/generic/oberdiek/ifpdf.sty
Package: ifpdf 2017/03/15 v3.2 Provides the ifpdf switch
)
(/usr/local/texlive/2017/texmf-dist/tex/generic/oberdiek/ifvtex.sty
Package: ifvtex 2016/05/16 v1.6 Detect VTeX and its facilities (HO)
Package ifvtex Info: VTeX not detected.
)
(/usr/local/texlive/2017/texmf-dist/tex/generic/ifxetex/ifxetex.sty
Package: ifxetex 2010/09/12 v0.6 Provides ifxetex conditional
)
\Gm@cnth=\count89
\Gm@cntv=\count90
\c@Gm@tempcnt=\count91
\Gm@bindingoffset=\dimen106
\Gm@wd@mp=\dimen107
\Gm@odd@mp=\dimen108
\Gm@even@mp=\dimen109
\Gm@layoutwidth=\dimen110
\Gm@layoutheight=\dimen111
\Gm@layouthoffset=\dimen112
\Gm@layoutvoffset=\dimen113
\Gm@dimlist=\toks16
)
(/usr/local/texlive/2017/texmf-dist/tex/latex/bbm-macros/bbm.sty
Package: bbm 1999/03/15 V 1.2 provides fonts for set symbols - TH
LaTeX Font Info:    Overwriting math alphabet `\mathbbm' in version `bold'
(Font)                  U/bbm/m/n --> U/bbm/bx/n on input line 33.
LaTeX Font Info:    Overwriting math alphabet `\mathbbmss' in version `bold'
(Font)                  U/bbmss/m/n --> U/bbmss/bx/n on input line 35.
)

Package geometry Warning: Over-specification in `h'-direction.
    `width' (483.69684pt) is ignored.

(/usr/local/texlive/2017/texmf-dist/tex/latex/setspace/setspace.sty
Package: setspace 2011/12/19 v6.7a set line spacing
)
(/usr/local/texlive/2017/texmf-dist/tex/latex/hyperref/hyperref.sty
Package: hyperref 2017/03/14 v6.85a Hypertext links for LaTeX

(/usr/local/texlive/2017/texmf-dist/tex/generic/oberdiek/hobsub-hyperref.sty
Package: hobsub-hyperref 2016/05/16 v1.14 Bundle oberdiek, subset hyperref (HO)


(/usr/local/texlive/2017/texmf-dist/tex/generic/oberdiek/hobsub-generic.sty
Package: hobsub-generic 2016/05/16 v1.14 Bundle oberdiek, subset generic (HO)
Package: hobsub 2016/05/16 v1.14 Construct package bundles (HO)
Package hobsub Info: Skipping package `infwarerr' (already loaded).
Package hobsub Info: Skipping package `ltxcmds' (already loaded).
Package: ifluatex 2016/05/16 v1.4 Provides the ifluatex switch (HO)
Package ifluatex Info: LuaTeX not detected.
Package hobsub Info: Skipping package `ifvtex' (already loaded).
Package: intcalc 2016/05/16 v1.2 Expandable calculations with integers (HO)
Package hobsub Info: Skipping package `ifpdf' (already loaded).
Package: etexcmds 2016/05/16 v1.6 Avoid name clashes with e-TeX commands (HO)
Package etexcmds Info: Could not find \expanded.
(etexcmds)             That can mean that you are not using pdfTeX 1.50 or
(etexcmds)             that some package has redefined \expanded.
(etexcmds)             In the latter case, load this package earlier.
Package: kvsetkeys 2016/05/16 v1.17 Key value parser (HO)
Package: kvdefinekeys 2016/05/16 v1.4 Define keys (HO)
Package: pdftexcmds 2017/03/19 v0.25 Utility functions of pdfTeX for LuaTeX (HO
)
Package pdftexcmds Info: LuaTeX not detected.
Package pdftexcmds Info: \pdf@primitive is available.
Package pdftexcmds Info: \pdf@ifprimitive is available.
Package pdftexcmds Info: \pdfdraftmode found.
Package: pdfescape 2016/05/16 v1.14 Implements pdfTeX's escape features (HO)
Package: bigintcalc 2016/05/16 v1.4 Expandable calculations on big integers (HO
)
Package: bitset 2016/05/16 v1.2 Handle bit-vector datatype (HO)
Package: uniquecounter 2016/05/16 v1.3 Provide unlimited unique counter (HO)
)
Package hobsub Info: Skipping package `hobsub' (already loaded).
Package: letltxmacro 2016/05/16 v1.5 Let assignment for LaTeX macros (HO)
Package: hopatch 2016/05/16 v1.3 Wrapper for package hooks (HO)
Package: xcolor-patch 2016/05/16 xcolor patch
Package: atveryend 2016/05/16 v1.9 Hooks at the very end of document (HO)
Package atveryend Info: \enddocument detected (standard20110627).
Package: atbegshi 2016/06/09 v1.18 At begin shipout hook (HO)
Package: refcount 2016/05/16 v3.5 Data extraction from label references (HO)
Package: hycolor 2016/05/16 v1.8 Color options for hyperref/bookmark (HO)
)
(/usr/local/texlive/2017/texmf-dist/tex/latex/oberdiek/auxhook.sty
Package: auxhook 2016/05/16 v1.4 Hooks for auxiliary files (HO)
)
(/usr/local/texlive/2017/texmf-dist/tex/latex/oberdiek/kvoptions.sty
Package: kvoptions 2016/05/16 v3.12 Key value format for package options (HO)
)
\@linkdim=\dimen114
\Hy@linkcounter=\count92
\Hy@pagecounter=\count93

(/usr/local/texlive/2017/texmf-dist/tex/latex/hyperref/pd1enc.def
File: pd1enc.def 2017/03/14 v6.85a Hyperref: PDFDocEncoding definition (HO)
)
\Hy@SavedSpaceFactor=\count94

(/usr/local/texlive/2017/texmf-dist/tex/latex/latexconfig/hyperref.cfg
File: hyperref.cfg 2002/06/06 v1.2 hyperref configuration of TeXLive
)
Package hyperref Info: Hyper figures OFF on input line 4498.
Package hyperref Info: Link nesting OFF on input line 4503.
Package hyperref Info: Hyper index ON on input line 4506.
Package hyperref Info: Plain pages OFF on input line 4513.
Package hyperref Info: Backreferencing OFF on input line 4518.
Package hyperref Info: Implicit mode ON; LaTeX internals redefined.
Package hyperref Info: Bookmarks ON on input line 4751.
\c@Hy@tempcnt=\count95

(/usr/local/texlive/2017/texmf-dist/tex/latex/url/url.sty
\Urlmuskip=\muskip10
Package: url 2013/09/16  ver 3.4  Verb mode for urls, etc.
)
LaTeX Info: Redefining \url on input line 5104.
\XeTeXLinkMargin=\dimen115
\Fld@menulength=\count96
\Field@Width=\dimen116
\Fld@charsize=\dimen117
Package hyperref Info: Hyper figures OFF on input line 6358.
Package hyperref Info: Link nesting OFF on input line 6363.
Package hyperref Info: Hyper index ON on input line 6366.
Package hyperref Info: backreferencing OFF on input line 6373.
Package hyperref Info: Link coloring OFF on input line 6378.
Package hyperref Info: Link coloring with OCG OFF on input line 6383.
Package hyperref Info: PDF/A mode OFF on input line 6388.
LaTeX Info: Redefining \ref on input line 6428.
LaTeX Info: Redefining \pageref on input line 6432.
\Hy@abspage=\count97
\c@Item=\count98
\c@Hfootnote=\count99
)

Package hyperref Message: Driver (autodetected): hpdftex.

(/usr/local/texlive/2017/texmf-dist/tex/latex/hyperref/hpdftex.def
File: hpdftex.def 2017/03/14 v6.85a Hyperref driver for pdfTeX
\Fld@listcount=\count100
\c@bookmark@seq@number=\count101

(/usr/local/texlive/2017/texmf-dist/tex/latex/oberdiek/rerunfilecheck.sty
Package: rerunfilecheck 2016/05/16 v1.8 Rerun checks for auxiliary files (HO)
Package uniquecounter Info: New unique counter `rerunfilecheck' on input line 2
82.
)
\Hy@SectionHShift=\skip47
)
(/usr/local/texlive/2017/texmf-dist/tex/latex/koma-script/scrextend.sty
Package: scrextend 2017/04/13 v3.23 KOMA-Script package (extend other classes w
ith features of KOMA-Script classes)

(/usr/local/texlive/2017/texmf-dist/tex/latex/koma-script/scrkbase.sty
Package: scrkbase 2017/04/13 v3.23 KOMA-Script package (KOMA-Script-dependent b
asics and keyval usage)

(/usr/local/texlive/2017/texmf-dist/tex/latex/koma-script/scrbase.sty
Package: scrbase 2017/04/13 v3.23 KOMA-Script package (KOMA-Script-independent 
basics and keyval usage)

(/usr/local/texlive/2017/texmf-dist/tex/latex/koma-script/scrlfile.sty
Package: scrlfile 2017/04/13 v3.23 KOMA-Script package (loading files)

Package scrlfile, 2017/04/13 v3.23 KOMA-Script package (loading files)
                  Copyright (C) Markus Kohm

)))

LaTeX Warning: Command \@footnotemark  has changed.
               Check if current package is valid.

LaTeX Info: Redefining \textsubscript on input line 1298.
) (/usr/local/texlive/2017/texmf-dist/tex/latex/amsmath/amsmath.sty
Package: amsmath 2016/11/05 v2.16a AMS math features
\@mathmargin=\skip48

For additional information on amsmath, use the `?' option.
(/usr/local/texlive/2017/texmf-dist/tex/latex/amsmath/amstext.sty
Package: amstext 2000/06/29 v2.01 AMS text

(/usr/local/texlive/2017/texmf-dist/tex/latex/amsmath/amsgen.sty
File: amsgen.sty 1999/11/30 v2.0 generic functions
\@emptytoks=\toks17
\ex@=\dimen118
))
(/usr/local/texlive/2017/texmf-dist/tex/latex/amsmath/amsbsy.sty
Package: amsbsy 1999/11/29 v1.2d Bold Symbols
LaTeX Info: Redefining \boldsymbol on input line 28.
\pmbraise@=\dimen119
)
(/usr/local/texlive/2017/texmf-dist/tex/latex/amsmath/amsopn.sty
Package: amsopn 2016/03/08 v2.02 operator names
)
\inf@bad=\count102
LaTeX Info: Redefining \frac on input line 213.
\uproot@=\count103
\leftroot@=\count104
LaTeX Info: Redefining \overline on input line 375.
\classnum@=\count105
\DOTSCASE@=\count106
LaTeX Info: Redefining \ldots on input line 472.
LaTeX Info: Redefining \dots on input line 475.
LaTeX Info: Redefining \cdots on input line 596.
\Mathstrutbox@=\box31
\strutbox@=\box32
\big@size=\dimen120
LaTeX Font Info:    Redeclaring font encoding OML on input line 712.
LaTeX Font Info:    Redeclaring font encoding OMS on input line 713.
\macc@depth=\count107
\c@MaxMatrixCols=\count108
\dotsspace@=\muskip11
\c@parentequation=\count109
\dspbrk@lvl=\count110
\tag@help=\toks18
\row@=\count111
\column@=\count112
\maxfields@=\count113
\andhelp@=\toks19
\eqnshift@=\dimen121
\alignsep@=\dimen122
\tagshift@=\dimen123
\tagwidth@=\dimen124
\totwidth@=\dimen125
\lineht@=\dimen126
\@envbody=\toks20
\multlinegap=\skip49
\multlinetaggap=\skip50
\mathdisplay@stack=\toks21
LaTeX Info: Redefining \[ on input line 2817.
LaTeX Info: Redefining \] on input line 2818.
)
(/usr/local/texlive/2017/texmf-dist/tex/latex/amsfonts/amssymb.sty
Package: amssymb 2013/01/14 v3.01 AMS font symbols

(/usr/local/texlive/2017/texmf-dist/tex/latex/amsfonts/amsfonts.sty
Package: amsfonts 2013/01/14 v3.01 Basic AMSFonts support
\symAMSa=\mathgroup7
\symAMSb=\mathgroup8
LaTeX Font Info:    Overwriting math alphabet `\mathfrak' in version `bold'
(Font)                  U/euf/m/n --> U/euf/b/n on input line 106.
))
(/usr/local/texlive/2017/texmf-dist/tex/latex/amscls/amsthm.sty
Package: amsthm 2015/03/04 v2.20.2
\thm@style=\toks22
\thm@bodyfont=\toks23
\thm@headfont=\toks24
\thm@notefont=\toks25
\thm@headpunct=\toks26
\thm@preskip=\skip51
\thm@postskip=\skip52
\thm@headsep=\skip53
\dth@everypar=\toks27
)
(/usr/local/texlive/2017/texmf-dist/tex/latex/ms/ragged2e.sty
Package: ragged2e 2009/05/21 v2.1 ragged2e Package (MS)

(/usr/local/texlive/2017/texmf-dist/tex/latex/ms/everysel.sty
Package: everysel 2011/10/28 v1.2 EverySelectfont Package (MS)
)
\CenteringLeftskip=\skip54
\RaggedLeftLeftskip=\skip55
\RaggedRightLeftskip=\skip56
\CenteringRightskip=\skip57
\RaggedLeftRightskip=\skip58
\RaggedRightRightskip=\skip59
\CenteringParfillskip=\skip60
\RaggedLeftParfillskip=\skip61
\RaggedRightParfillskip=\skip62
\JustifyingParfillskip=\skip63
\CenteringParindent=\skip64
\RaggedLeftParindent=\skip65
\RaggedRightParindent=\skip66
\JustifyingParindent=\skip67
)
(/usr/local/texlive/2017/texmf-dist/tex/latex/xcolor/xcolor.sty
Package: xcolor 2016/05/11 v2.12 LaTeX color extensions (UK)

(/usr/local/texlive/2017/texmf-dist/tex/latex/graphics-cfg/color.cfg
File: color.cfg 2016/01/02 v1.6 sample color configuration
)
Package xcolor Info: Driver file: pdftex.def on input line 225.
Package xcolor Info: Model `cmy' substituted by `cmy0' on input line 1348.
Package xcolor Info: Model `hsb' substituted by `rgb' on input line 1352.
Package xcolor Info: Model `RGB' extended on input line 1364.
Package xcolor Info: Model `HTML' substituted by `rgb' on input line 1366.
Package xcolor Info: Model `Hsb' substituted by `hsb' on input line 1367.
Package xcolor Info: Model `tHsb' substituted by `hsb' on input line 1368.
Package xcolor Info: Model `HSB' substituted by `hsb' on input line 1369.
Package xcolor Info: Model `Gray' substituted by `gray' on input line 1370.
Package xcolor Info: Model `wave' substituted by `hsb' on input line 1371.
)
(/usr/local/texlive/2017/texmf-dist/tex/latex/dirtytalk/dirtytalk.sty
Package: dirtytalk 2010/11/21 A package making "quoting" easier

(/usr/local/texlive/2017/texmf-dist/tex/latex/base/ifthen.sty
Package: ifthen 2014/09/29 v1.1c Standard LaTeX ifthen package (DPC)
)
\c@dirtytalk@qdepth=\count114
)
(/usr/local/texlive/2017/texmf-dist/tex/latex/algorithms/algorithm.sty
Package: algorithm 2009/08/24 v0.1 Document Style `algorithm' - floating enviro
nment

(/usr/local/texlive/2017/texmf-dist/tex/latex/float/float.sty
Package: float 2001/11/08 v1.3d Float enhancements (AL)
\c@float@type=\count115
\float@exts=\toks28
\float@box=\box33
\@float@everytoks=\toks29
\@floatcapt=\box34
)
\@float@every@algorithm=\toks30
\c@algorithm=\count116
)
(/usr/local/texlive/2017/texmf-dist/tex/latex/algorithms/algorithmic.sty
Package: algorithmic 2009/08/24 v0.1 Document Style `algorithmic'
\c@ALC@unique=\count117
\c@ALC@line=\count118
\c@ALC@rem=\count119
\c@ALC@depth=\count120
\ALC@tlm=\skip68
\algorithmicindent=\skip69
)
(/usr/local/texlive/2017/texmf-dist/tex/latex/tools/multicol.sty
Package: multicol 2017/04/11 v1.8q multicolumn formatting (FMi)
\c@tracingmulticols=\count121


Package multicol Warning: May not work with the twocolumn option on input line 
134.

\mult@box=\box35
\multicol@leftmargin=\dimen127
\c@unbalance=\count122
\c@collectmore=\count123
\doublecol@number=\count124
\multicoltolerance=\count125
\multicolpretolerance=\count126
\full@width=\dimen128
\page@free=\dimen129
\premulticols=\dimen130
\postmulticols=\dimen131
\multicolsep=\skip70
\multicolbaselineskip=\skip71
\partial@page=\box36
\last@line=\box37
\maxbalancingoverflow=\dimen132
\mult@rightbox=\box38
\mult@grightbox=\box39
\mult@gfirstbox=\box40
\mult@firstbox=\box41
\@tempa=\box42
\@tempa=\box43
\@tempa=\box44
\@tempa=\box45
\@tempa=\box46
\@tempa=\box47
\@tempa=\box48
\@tempa=\box49
\@tempa=\box50
\@tempa=\box51
\@tempa=\box52
\@tempa=\box53
\@tempa=\box54
\@tempa=\box55
\@tempa=\box56
\@tempa=\box57
\@tempa=\box58
\c@columnbadness=\count127
\c@finalcolumnbadness=\count128
\last@try=\dimen133
\multicolovershoot=\dimen134
\multicolundershoot=\dimen135
\mult@nat@firstbox=\box59
\colbreak@box=\box60
\mc@col@check@num=\count129
) (./matrices_and_parameters.aux)
\openout1 = `matrices_and_parameters.aux'.

LaTeX Font Info:    Checking defaults for OML/cmm/m/it on input line 29.
LaTeX Font Info:    ... okay on input line 29.
LaTeX Font Info:    Checking defaults for T1/cmr/m/n on input line 29.
LaTeX Font Info:    ... okay on input line 29.
LaTeX Font Info:    Checking defaults for OT1/cmr/m/n on input line 29.
LaTeX Font Info:    ... okay on input line 29.
LaTeX Font Info:    Checking defaults for OMS/cmsy/m/n on input line 29.
LaTeX Font Info:    ... okay on input line 29.
LaTeX Font Info:    Checking defaults for OMX/cmex/m/n on input line 29.
LaTeX Font Info:    ... okay on input line 29.
LaTeX Font Info:    Checking defaults for U/cmr/m/n on input line 29.
LaTeX Font Info:    ... okay on input line 29.
LaTeX Font Info:    Checking defaults for PD1/pdf/m/n on input line 29.
LaTeX Font Info:    ... okay on input line 29.

(/usr/local/texlive/2017/texmf-dist/tex/context/base/mkii/supp-pdf.mkii
[Loading MPS to PDF converter (version 2006.09.02).]
\scratchcounter=\count130
\scratchdimen=\dimen136
\scratchbox=\box61
\nofMPsegments=\count131
\nofMParguments=\count132
\everyMPshowfont=\toks31
\MPscratchCnt=\count133
\MPscratchDim=\dimen137
\MPnumerator=\count134
\makeMPintoPDFobject=\count135
\everyMPtoPDFconversion=\toks32
) (/usr/local/texlive/2017/texmf-dist/tex/latex/oberdiek/epstopdf-base.sty
Package: epstopdf-base 2016/05/15 v2.6 Base part for package epstopdf

(/usr/local/texlive/2017/texmf-dist/tex/latex/oberdiek/grfext.sty
Package: grfext 2016/05/16 v1.2 Manage graphics extensions (HO)
)
Package epstopdf-base Info: Redefining graphics rule for `.eps' on input line 4
38.
Package grfext Info: Graphics extension search list:
(grfext)             [.png,.pdf,.jpg,.mps,.jpeg,.jbig2,.jb2,.PNG,.PDF,.JPG,.JPE
G,.JBIG2,.JB2,.eps]
(grfext)             \AppendGraphicsExtensions on input line 456.

(/usr/local/texlive/2017/texmf-dist/tex/latex/latexconfig/epstopdf-sys.cfg
File: epstopdf-sys.cfg 2010/07/13 v1.3 Configuration of (r)epstopdf for TeX Liv
e
))
*geometry* driver: auto-detecting
*geometry* detected driver: pdftex
*geometry* verbose mode - [ preamble ] result:
* driver: pdftex
* paper: a4paper
* layout: <same size as paper>
* layoutoffset:(h,v)=(0.0pt,0.0pt)
* modes: twoside 
* h-part:(L,W,R)=(48.36967pt, 500.76852pt, 48.36967pt)
* v-part:(T,H,B)=(56.9055pt, 731.23582pt, 56.90552pt)
* \paperwidth=597.50787pt
* \paperheight=845.04684pt
* \textwidth=500.76852pt
* \textheight=731.23582pt
* \oddsidemargin=-23.90031pt
* \evensidemargin=-23.90031pt
* \topmargin=-52.36449pt
* \headheight=12.0pt
* \headsep=25.0pt
* \topskip=10.0pt
* \footskip=30.0pt
* \marginparwidth=48.0pt
* \marginparsep=10.0pt
* \columnsep=19.99512pt
* \skip\footins=9.0pt plus 4.0pt minus 2.0pt
* \hoffset=0.0pt
* \voffset=0.0pt
* \mag=1000
* \@twocolumntrue
* \@twosidetrue
* \@mparswitchtrue
* \@reversemarginfalse
* (1in=72.27pt=25.4mm, 1cm=28.453pt)

\AtBeginShipoutBox=\box62
Package hyperref Info: Link coloring OFF on input line 29.
(/usr/local/texlive/2017/texmf-dist/tex/latex/hyperref/nameref.sty
Package: nameref 2016/05/21 v2.44 Cross-referencing by name of section

(/usr/local/texlive/2017/texmf-dist/tex/generic/oberdiek/gettitlestring.sty
Package: gettitlestring 2016/05/16 v1.5 Cleanup title references (HO)
)
\c@section@level=\count136
)
LaTeX Info: Redefining \ref on input line 29.
LaTeX Info: Redefining \pageref on input line 29.
LaTeX Info: Redefining \nameref on input line 29.

(./matrices_and_parameters.out) (./matrices_and_parameters.out)
\@outlinefile=\write3
\openout3 = `matrices_and_parameters.out'.


ABD: EverySelectfont initializing macros
LaTeX Info: Redefining \selectfont on input line 29.
LaTeX Font Info:    Try loading font information for U+msa on input line 35.

(/usr/local/texlive/2017/texmf-dist/tex/latex/amsfonts/umsa.fd
File: umsa.fd 2013/01/14 v3.01 AMS symbols A
)
LaTeX Font Info:    Try loading font information for U+msb on input line 35.

(/usr/local/texlive/2017/texmf-dist/tex/latex/amsfonts/umsb.fd
File: umsb.fd 2013/01/14 v3.01 AMS symbols B
)
Extra height:0.0pt when 0.0pt
(2)Left:0.0pt Right:0.0pt Output:0.0pt
- LAST -
Left:0.0pt
Right:0.0pt
Output:0.0pt
 [1

{/usr/local/texlive/2017/texmf-var/fonts/map/pdftex/updmap/pdftex.map}] [2]
Package hyperref Info: bookmark level for unknown algorithm defaults to 0 on in
put line 224.

Overfull \hbox (5.04219pt too wide) in paragraph at lines 235--236
[]$[]$
 []

[3] [4]
Package atveryend Info: Empty hook `BeforeClearDocument' on input line 450.
Package atveryend Info: Empty hook `AfterLastShipout' on input line 450.
 [5

] (./matrices_and_parameters.aux)
Package atveryend Info: Executing hook `AtVeryEndDocument' on input line 450.
Package atveryend Info: Executing hook `AtEndAfterFileList' on input line 450.
Package rerunfilecheck Info: File `matrices_and_parameters.out' has not changed
.
(rerunfilecheck)             Checksum: 21DA536081E3B21FC73A1C96A88CD320;50.
Package atveryend Info: Empty hook `AtVeryVeryEnd' on input line 450.
 ) 
Here is how much of TeX's memory you used:
 8635 strings out of 492995
 125201 string characters out of 6132703
 261663 words of memory out of 5000000
 11943 multiletter control sequences out of 15000+600000
 25426 words of font info for 71 fonts, out of 8000000 for 9000
 1141 hyphenation exceptions out of 8191
 33i,26n,39p,869b,751s stack positions out of 5000i,500n,10000p,200000b,80000s
{/usr/local/texlive/2017/texmf-dist/fonts/enc/dvips/cm-super/cm-super-t1.enc}
</usr/local/texlive/2017/texmf-dist/fonts/type1/public/amsfonts/cm/cmex10.pfb><
/usr/local/texlive/2017/texmf-dist/fonts/type1/public/amsfonts/cmextra/cmex7.pf
b></usr/local/texlive/2017/texmf-dist/fonts/type1/public/amsfonts/cm/cmmi10.pfb
></usr/local/texlive/2017/texmf-dist/fonts/type1/public/amsfonts/cm/cmmi5.pfb><
/usr/local/texlive/2017/texmf-dist/fonts/type1/public/amsfonts/cm/cmmi6.pfb></u
sr/local/texlive/2017/texmf-dist/fonts/type1/public/amsfonts/cm/cmmi7.pfb></usr
/local/texlive/2017/texmf-dist/fonts/type1/public/amsfonts/cm/cmmi8.pfb></usr/l
ocal/texlive/2017/texmf-dist/fonts/type1/public/amsfonts/cm/cmmib10.pfb></usr/l
ocal/texlive/2017/texmf-dist/fonts/type1/public/amsfonts/cmextra/cmmib7.pfb></u
sr/local/texlive/2017/texmf-dist/fonts/type1/public/amsfonts/cmextra/cmmib8.pfb
></usr/local/texlive/2017/texmf-dist/fonts/type1/public/amsfonts/cm/cmr10.pfb><
/usr/local/texlive/2017/texmf-dist/fonts/type1/public/amsfonts/cm/cmr5.pfb></us
r/local/texlive/2017/texmf-dist/fonts/type1/public/amsfonts/cm/cmr7.pfb></usr/l
ocal/texlive/2017/texmf-dist/fonts/type1/public/amsfonts/cm/cmr8.pfb></usr/loca
l/texlive/2017/texmf-dist/fonts/type1/public/amsfonts/cm/cmsy10.pfb></usr/local
/texlive/2017/texmf-dist/fonts/type1/public/amsfonts/cm/cmsy5.pfb></usr/local/t
exlive/2017/texmf-dist/fonts/type1/public/amsfonts/cm/cmsy6.pfb></usr/local/tex
live/2017/texmf-dist/fonts/type1/public/amsfonts/cm/cmsy7.pfb></usr/local/texli
ve/2017/texmf-dist/fonts/type1/public/amsfonts/cm/cmsy8.pfb></usr/local/texlive
/2017/texmf-dist/fonts/type1/public/cm-super/sfbx0800.pfb></usr/local/texlive/2
017/texmf-dist/fonts/type1/public/cm-super/sfbx1000.pfb></usr/local/texlive/201
7/texmf-dist/fonts/type1/public/cm-super/sfbx1200.pfb></usr/local/texlive/2017/
texmf-dist/fonts/type1/public/cm-super/sfbx1440.pfb></usr/local/texlive/2017/te
xmf-dist/fonts/type1/public/cm-super/sfrm0600.pfb></usr/local/texlive/2017/texm
f-dist/fonts/type1/public/cm-super/sfrm0700.pfb></usr/local/texlive/2017/texmf-
dist/fonts/type1/public/cm-super/sfrm0800.pfb></usr/local/texlive/2017/texmf-di
st/fonts/type1/public/cm-super/sfrm1000.pfb></usr/local/texlive/2017/texmf-dist
/fonts/type1/public/cm-super/sfrm1200.pfb></usr/local/texlive/2017/texmf-dist/f
onts/type1/public/cm-super/sfrm1728.pfb></usr/local/texlive/2017/texmf-dist/fon
ts/type1/public/cm-super/sfti1000.pfb>
Output written on matrices_and_parameters.pdf (5 pages, 395580 bytes).
PDF statistics:
 263 PDF objects out of 1000 (max. 8388607)
 223 compressed objects within 3 object streams
 86 named destinations out of 1000 (max. 500000)
 9 words of extra memory for PDF output out of 10000 (max. 10000000)

